<?xml version="1.0" encoding="UTF-8"?>
<coverage generated="1526605569500" clover="3.2.0">
  <project timestamp="1526605569500" name="All files">
    <metrics statements="81" coveredstatements="53" conditionals="22" coveredconditionals="10" methods="44" coveredmethods="26" elements="147" coveredelements="89" complexity="0" loc="81" ncloc="81" packages="3" files="9" classes="9">
      <package name="src">
        <metrics statements="79" coveredstatements="51" conditionals="22" coveredconditionals="10" methods="43" coveredmethods="25"/>
        <file name="App.js" path="C:\Users\Pablo\Documents\UdacityProjects\myReadsReact\src\App.js">
          <metrics statements="6" coveredstatements="4" conditionals="0" coveredconditionals="0" methods="6" coveredmethods="4"/>
          <line num="17" count="4" type="stmt"/>
          <line num="23" count="4" type="stmt"/>
          <line num="24" count="0" type="stmt"/>
          <line num="31" count="4" type="stmt"/>
          <line num="37" count="0" type="stmt"/>
          <line num="44" count="1" type="stmt"/>
        </file>
        <file name="Book.js" path="C:\Users\Pablo\Documents\UdacityProjects\myReadsReact\src\Book.js">
          <metrics statements="11" coveredstatements="7" conditionals="8" coveredconditionals="5" methods="5" coveredmethods="2"/>
          <line num="19" count="0" type="stmt"/>
          <line num="20" count="0" type="stmt"/>
          <line num="21" count="0" type="stmt"/>
          <line num="26" count="10" type="stmt"/>
          <line num="27" count="10" type="cond" truecount="1" falsecount="1"/>
          <line num="28" count="10" type="cond" truecount="2" falsecount="0"/>
          <line num="29" count="10" type="cond" truecount="1" falsecount="1"/>
          <line num="30" count="10" type="stmt"/>
          <line num="37" count="10" type="stmt"/>
          <line num="56" count="0" type="stmt"/>
          <line num="79" count="10" type="stmt"/>
        </file>
        <file name="BooksAPI.js" path="C:\Users\Pablo\Documents\UdacityProjects\myReadsReact\src\BooksAPI.js">
          <metrics statements="20" coveredstatements="13" conditionals="2" coveredconditionals="1" methods="11" coveredmethods="4"/>
          <line num="2" count="4" type="stmt"/>
          <line num="6" count="4" type="stmt"/>
          <line num="7" count="4" type="cond" truecount="1" falsecount="1"/>
          <line num="8" count="4" type="stmt"/>
          <line num="10" count="4" type="stmt"/>
          <line num="15" count="4" type="stmt"/>
          <line num="16" count="0" type="stmt"/>
          <line num="17" count="0" type="stmt"/>
          <line num="18" count="0" type="stmt"/>
          <line num="20" count="4" type="stmt"/>
          <line num="21" count="4" type="stmt"/>
          <line num="22" count="4" type="stmt"/>
          <line num="23" count="0" type="stmt"/>
          <line num="25" count="4" type="stmt"/>
          <line num="26" count="0" type="stmt"/>
          <line num="33" count="0" type="stmt"/>
          <line num="35" count="4" type="stmt"/>
          <line num="36" count="1" type="stmt"/>
          <line num="43" count="1" type="stmt"/>
          <line num="44" count="0" type="stmt"/>
        </file>
        <file name="Bookshelves.js" path="C:\Users\Pablo\Documents\UdacityProjects\myReadsReact\src\Bookshelves.js">
          <metrics statements="10" coveredstatements="10" conditionals="0" coveredconditionals="0" methods="10" coveredmethods="10"/>
          <line num="16" count="12" type="stmt"/>
          <line num="17" count="5" type="stmt"/>
          <line num="23" count="4" type="stmt"/>
          <line num="32" count="12" type="stmt"/>
          <line num="33" count="5" type="stmt"/>
          <line num="39" count="4" type="stmt"/>
          <line num="48" count="12" type="stmt"/>
          <line num="49" count="5" type="stmt"/>
          <line num="55" count="4" type="stmt"/>
          <line num="67" count="5" type="stmt"/>
        </file>
        <file name="SearchBook.js" path="C:\Users\Pablo\Documents\UdacityProjects\myReadsReact\src\SearchBook.js">
          <metrics statements="22" coveredstatements="14" conditionals="8" coveredconditionals="4" methods="10" coveredmethods="5"/>
          <line num="23" count="1" type="stmt"/>
          <line num="24" count="1" type="stmt"/>
          <line num="28" count="1" type="stmt"/>
          <line num="32" count="0" type="cond" truecount="0" falsecount="4"/>
          <line num="33" count="0" type="stmt"/>
          <line num="35" count="0" type="stmt"/>
          <line num="38" count="0" type="stmt"/>
          <line num="39" count="0" type="stmt"/>
          <line num="46" count="6" type="stmt"/>
          <line num="47" count="6" type="stmt"/>
          <line num="51" count="6" type="stmt"/>
          <line num="53" count="6" type="cond" truecount="4" falsecount="0"/>
          <line num="54" count="1" type="stmt"/>
          <line num="55" count="3" type="stmt"/>
          <line num="58" count="1" type="stmt"/>
          <line num="59" count="0" type="stmt"/>
          <line num="60" count="0" type="stmt"/>
          <line num="65" count="1" type="stmt"/>
          <line num="66" count="1" type="stmt"/>
          <line num="69" count="6" type="stmt"/>
          <line num="78" count="0" type="stmt"/>
          <line num="87" count="1" type="stmt"/>
        </file>
        <file name="index.js" path="C:\Users\Pablo\Documents\UdacityProjects\myReadsReact\src\index.js">
          <metrics statements="7" coveredstatements="0" conditionals="4" coveredconditionals="0" methods="1" coveredmethods="0"/>
          <line num="1" count="0" type="stmt"/>
          <line num="2" count="0" type="stmt"/>
          <line num="3" count="0" type="stmt"/>
          <line num="4" count="0" type="stmt"/>
          <line num="5" count="0" type="stmt"/>
          <line num="6" count="0" type="cond" truecount="0" falsecount="4"/>
          <line num="8" count="0" type="stmt"/>
        </file>
        <file name="setupTests.js" path="C:\Users\Pablo\Documents\UdacityProjects\myReadsReact\src\setupTests.js">
          <metrics statements="3" coveredstatements="3" conditionals="0" coveredconditionals="0" methods="0" coveredmethods="0"/>
          <line num="1" count="4" type="stmt"/>
          <line num="2" count="4" type="stmt"/>
          <line num="7" count="4" type="stmt"/>
        </file>
      </package>
      <package name="src.semanticUI">
        <metrics statements="1" coveredstatements="1" conditionals="0" coveredconditionals="0" methods="1" coveredmethods="1"/>
        <file name="Menu.js" path="C:\Users\Pablo\Documents\UdacityProjects\myReadsReact\src\semanticUI\Menu.js">
          <metrics statements="1" coveredstatements="1" conditionals="0" coveredconditionals="0" methods="1" coveredmethods="1"/>
          <line num="14" count="1" type="stmt"/>
        </file>
      </package>
      <package name="src.testData">
        <metrics statements="1" coveredstatements="1" conditionals="0" coveredconditionals="0" methods="0" coveredmethods="0"/>
        <file name="testData.js" path="C:\Users\Pablo\Documents\UdacityProjects\myReadsReact\src\testData\testData.js">
          <metrics statements="1" coveredstatements="1" conditionals="0" coveredconditionals="0" methods="0" coveredmethods="0"/>
          <line num="3" count="4" type="stmt"/>
        </file>
      </package>
    </metrics>
  </project>
</coverage>
