{"C:\\Users\\Pablo\\Documents\\UdacityProjects\\myReadsReact\\src\\App.js": {"path":"C:\\Users\\Pablo\\Documents\\UdacityProjects\\myReadsReact\\src\\App.js","statementMap":{"0":{"start":{"line":17,"column":4},"end":{"line":17,"column":26}},"1":{"start":{"line":23,"column":4},"end":{"line":25,"column":6}},"2":{"start":{"line":24,"column":6},"end":{"line":24,"column":37}},"3":{"start":{"line":30,"column":4},"end":{"line":30,"column":44}},"4":{"start":{"line":32,"column":4},"end":{"line":53,"column":5}},"5":{"start":{"line":38,"column":12},"end":{"line":41,"column":14}},"6":{"start":{"line":45,"column":12},"end":{"line":48,"column":14}}},"fnMap":{"0":{"name":"(anonymous_0)","decl":{"start":{"line":16,"column":2},"end":{"line":16,"column":3}},"loc":{"start":{"line":16,"column":21},"end":{"line":18,"column":3}},"line":16},"1":{"name":"(anonymous_1)","decl":{"start":{"line":22,"column":19},"end":{"line":22,"column":20}},"loc":{"start":{"line":22,"column":25},"end":{"line":26,"column":3}},"line":22},"2":{"name":"(anonymous_2)","decl":{"start":{"line":23,"column":27},"end":{"line":23,"column":28}},"loc":{"start":{"line":23,"column":38},"end":{"line":25,"column":5}},"line":23},"3":{"name":"(anonymous_3)","decl":{"start":{"line":29,"column":2},"end":{"line":29,"column":3}},"loc":{"start":{"line":29,"column":11},"end":{"line":54,"column":3}},"line":29},"4":{"name":"(anonymous_4)","decl":{"start":{"line":37,"column":40},"end":{"line":37,"column":41}},"loc":{"start":{"line":38,"column":12},"end":{"line":41,"column":14}},"line":38},"5":{"name":"(anonymous_5)","decl":{"start":{"line":44,"column":40},"end":{"line":44,"column":41}},"loc":{"start":{"line":45,"column":12},"end":{"line":48,"column":14}},"line":45}},"branchMap":{},"s":{"0":0,"1":0,"2":0,"3":0,"4":0,"5":0,"6":0},"f":{"0":0,"1":0,"2":0,"3":0,"4":0,"5":0},"b":{},"_coverageSchema":"332fd63041d2c1bcb487cc26dd0d5f7d97098a6c","hash":"0ce0300189de0cfe182db675a12ea2462a7eafa3"}
,"C:\\Users\\Pablo\\Documents\\UdacityProjects\\myReadsReact\\src\\Book.js": {"path":"C:\\Users\\Pablo\\Documents\\UdacityProjects\\myReadsReact\\src\\Book.js","statementMap":{"0":{"start":{"line":19,"column":4},"end":{"line":22,"column":7}},"1":{"start":{"line":20,"column":8},"end":{"line":20,"column":41}},"2":{"start":{"line":21,"column":8},"end":{"line":21,"column":40}},"3":{"start":{"line":26,"column":14},"end":{"line":26,"column":30}},"4":{"start":{"line":27,"column":22},"end":{"line":27,"column":64}},"5":{"start":{"line":28,"column":19},"end":{"line":28,"column":59}},"6":{"start":{"line":29,"column":19},"end":{"line":29,"column":55}},"7":{"start":{"line":30,"column":19},"end":{"line":35,"column":5}},"8":{"start":{"line":37,"column":4},"end":{"line":74,"column":5}},"9":{"start":{"line":56,"column":35},"end":{"line":56,"column":75}},"10":{"start":{"line":79,"column":4},"end":{"line":83,"column":5}}},"fnMap":{"0":{"name":"(anonymous_0)","decl":{"start":{"line":18,"column":17},"end":{"line":18,"column":18}},"loc":{"start":{"line":18,"column":35},"end":{"line":23,"column":3}},"line":18},"1":{"name":"(anonymous_1)","decl":{"start":{"line":19,"column":39},"end":{"line":19,"column":40}},"loc":{"start":{"line":19,"column":48},"end":{"line":22,"column":5}},"line":19},"2":{"name":"(anonymous_2)","decl":{"start":{"line":25,"column":13},"end":{"line":25,"column":14}},"loc":{"start":{"line":25,"column":19},"end":{"line":75,"column":3}},"line":25},"3":{"name":"(anonymous_3)","decl":{"start":{"line":56,"column":24},"end":{"line":56,"column":25}},"loc":{"start":{"line":56,"column":35},"end":{"line":56,"column":75}},"line":56},"4":{"name":"(anonymous_4)","decl":{"start":{"line":77,"column":2},"end":{"line":77,"column":3}},"loc":{"start":{"line":77,"column":11},"end":{"line":84,"column":3}},"line":77}},"branchMap":{"0":{"loc":{"start":{"line":14,"column":12},"end":{"line":14,"column":69}},"type":"cond-expr","locations":[{"start":{"line":14,"column":37},"end":{"line":14,"column":59}},{"start":{"line":14,"column":62},"end":{"line":14,"column":69}}],"line":14},"1":{"loc":{"start":{"line":27,"column":22},"end":{"line":27,"column":64}},"type":"cond-expr","locations":[{"start":{"line":27,"column":37},"end":{"line":27,"column":59}},{"start":{"line":27,"column":62},"end":{"line":27,"column":64}}],"line":27},"2":{"loc":{"start":{"line":28,"column":19},"end":{"line":28,"column":59}},"type":"cond-expr","locations":[{"start":{"line":28,"column":37},"end":{"line":28,"column":52}},{"start":{"line":28,"column":55},"end":{"line":28,"column":59}}],"line":28},"3":{"loc":{"start":{"line":29,"column":19},"end":{"line":29,"column":55}},"type":"cond-expr","locations":[{"start":{"line":29,"column":31},"end":{"line":29,"column":50}},{"start":{"line":29,"column":53},"end":{"line":29,"column":55}}],"line":29}},"s":{"0":0,"1":0,"2":0,"3":7,"4":7,"5":7,"6":7,"7":7,"8":7,"9":0,"10":7},"f":{"0":0,"1":0,"2":7,"3":0,"4":7},"b":{"0":[7,0],"1":[7,0],"2":[3,4],"3":[7,0]},"_coverageSchema":"332fd63041d2c1bcb487cc26dd0d5f7d97098a6c","hash":"dfbfbfb50c38f83ed3a7447e138d07bad8904bbe"}
,"C:\\Users\\Pablo\\Documents\\UdacityProjects\\myReadsReact\\src\\BooksAPI.js": {"path":"C:\\Users\\Pablo\\Documents\\UdacityProjects\\myReadsReact\\src\\BooksAPI.js","statementMap":{"0":{"start":{"line":2,"column":12},"end":{"line":2,"column":51}},"1":{"start":{"line":6,"column":12},"end":{"line":6,"column":30}},"2":{"start":{"line":7,"column":0},"end":{"line":8,"column":68}},"3":{"start":{"line":8,"column":2},"end":{"line":8,"column":68}},"4":{"start":{"line":10,"column":16},"end":{"line":13,"column":1}},"5":{"start":{"line":15,"column":19},"end":{"line":18,"column":28}},"6":{"start":{"line":16,"column":2},"end":{"line":18,"column":28}},"7":{"start":{"line":17,"column":17},"end":{"line":17,"column":27}},"8":{"start":{"line":18,"column":18},"end":{"line":18,"column":27}},"9":{"start":{"line":20,"column":22},"end":{"line":23,"column":29}},"10":{"start":{"line":21,"column":2},"end":{"line":23,"column":29}},"11":{"start":{"line":22,"column":17},"end":{"line":22,"column":27}},"12":{"start":{"line":23,"column":18},"end":{"line":23,"column":28}},"13":{"start":{"line":25,"column":22},"end":{"line":33,"column":28}},"14":{"start":{"line":26,"column":2},"end":{"line":33,"column":28}},"15":{"start":{"line":33,"column":17},"end":{"line":33,"column":27}},"16":{"start":{"line":35,"column":22},"end":{"line":44,"column":29}},"17":{"start":{"line":36,"column":2},"end":{"line":44,"column":29}},"18":{"start":{"line":43,"column":17},"end":{"line":43,"column":27}},"19":{"start":{"line":44,"column":18},"end":{"line":44,"column":28}}},"fnMap":{"0":{"name":"(anonymous_0)","decl":{"start":{"line":15,"column":19},"end":{"line":15,"column":20}},"loc":{"start":{"line":16,"column":2},"end":{"line":18,"column":28}},"line":16},"1":{"name":"(anonymous_1)","decl":{"start":{"line":17,"column":10},"end":{"line":17,"column":11}},"loc":{"start":{"line":17,"column":17},"end":{"line":17,"column":27}},"line":17},"2":{"name":"(anonymous_2)","decl":{"start":{"line":18,"column":10},"end":{"line":18,"column":11}},"loc":{"start":{"line":18,"column":18},"end":{"line":18,"column":27}},"line":18},"3":{"name":"(anonymous_3)","decl":{"start":{"line":20,"column":22},"end":{"line":20,"column":23}},"loc":{"start":{"line":21,"column":2},"end":{"line":23,"column":29}},"line":21},"4":{"name":"(anonymous_4)","decl":{"start":{"line":22,"column":10},"end":{"line":22,"column":11}},"loc":{"start":{"line":22,"column":17},"end":{"line":22,"column":27}},"line":22},"5":{"name":"(anonymous_5)","decl":{"start":{"line":23,"column":10},"end":{"line":23,"column":11}},"loc":{"start":{"line":23,"column":18},"end":{"line":23,"column":28}},"line":23},"6":{"name":"(anonymous_6)","decl":{"start":{"line":25,"column":22},"end":{"line":25,"column":23}},"loc":{"start":{"line":26,"column":2},"end":{"line":33,"column":28}},"line":26},"7":{"name":"(anonymous_7)","decl":{"start":{"line":33,"column":10},"end":{"line":33,"column":11}},"loc":{"start":{"line":33,"column":17},"end":{"line":33,"column":27}},"line":33},"8":{"name":"(anonymous_8)","decl":{"start":{"line":35,"column":22},"end":{"line":35,"column":23}},"loc":{"start":{"line":36,"column":2},"end":{"line":44,"column":29}},"line":36},"9":{"name":"(anonymous_9)","decl":{"start":{"line":43,"column":10},"end":{"line":43,"column":11}},"loc":{"start":{"line":43,"column":17},"end":{"line":43,"column":27}},"line":43},"10":{"name":"(anonymous_10)","decl":{"start":{"line":44,"column":10},"end":{"line":44,"column":11}},"loc":{"start":{"line":44,"column":18},"end":{"line":44,"column":28}},"line":44}},"branchMap":{"0":{"loc":{"start":{"line":7,"column":0},"end":{"line":8,"column":68}},"type":"if","locations":[{"start":{"line":7,"column":0},"end":{"line":8,"column":68}},{"start":{"line":7,"column":0},"end":{"line":8,"column":68}}],"line":7}},"s":{"0":2,"1":2,"2":2,"3":2,"4":2,"5":2,"6":0,"7":0,"8":0,"9":2,"10":0,"11":0,"12":0,"13":2,"14":0,"15":0,"16":2,"17":0,"18":0,"19":0},"f":{"0":0,"1":0,"2":0,"3":0,"4":0,"5":0,"6":0,"7":0,"8":0,"9":0,"10":0},"b":{"0":[2,0]},"_coverageSchema":"332fd63041d2c1bcb487cc26dd0d5f7d97098a6c","hash":"5e2df6cacade08ab28203d79239ad2b922ad16f1"}
,"C:\\Users\\Pablo\\Documents\\UdacityProjects\\myReadsReact\\src\\Bookshelves.js": {"path":"C:\\Users\\Pablo\\Documents\\UdacityProjects\\myReadsReact\\src\\Bookshelves.js","statementMap":{"0":{"start":{"line":16,"column":29},"end":{"line":16,"column":104}},"1":{"start":{"line":16,"column":73},"end":{"line":16,"column":103}},"2":{"start":{"line":17,"column":4},"end":{"line":28,"column":5}},"3":{"start":{"line":23,"column":14},"end":{"line":23,"column":94}},"4":{"start":{"line":32,"column":23},"end":{"line":32,"column":92}},"5":{"start":{"line":32,"column":67},"end":{"line":32,"column":91}},"6":{"start":{"line":33,"column":4},"end":{"line":44,"column":5}},"7":{"start":{"line":39,"column":14},"end":{"line":39,"column":94}},"8":{"start":{"line":48,"column":17},"end":{"line":48,"column":80}},"9":{"start":{"line":48,"column":61},"end":{"line":48,"column":79}},"10":{"start":{"line":49,"column":4},"end":{"line":60,"column":5}},"11":{"start":{"line":55,"column":14},"end":{"line":55,"column":94}},"12":{"start":{"line":67,"column":4},"end":{"line":91,"column":5}}},"fnMap":{"0":{"name":"(anonymous_0)","decl":{"start":{"line":15,"column":25},"end":{"line":15,"column":26}},"loc":{"start":{"line":15,"column":31},"end":{"line":29,"column":3}},"line":15},"1":{"name":"(anonymous_1)","decl":{"start":{"line":16,"column":68},"end":{"line":16,"column":69}},"loc":{"start":{"line":16,"column":73},"end":{"line":16,"column":103}},"line":16},"2":{"name":"(anonymous_2)","decl":{"start":{"line":22,"column":35},"end":{"line":22,"column":36}},"loc":{"start":{"line":23,"column":14},"end":{"line":23,"column":94}},"line":23},"3":{"name":"(anonymous_3)","decl":{"start":{"line":31,"column":25},"end":{"line":31,"column":26}},"loc":{"start":{"line":31,"column":31},"end":{"line":45,"column":3}},"line":31},"4":{"name":"(anonymous_4)","decl":{"start":{"line":32,"column":62},"end":{"line":32,"column":63}},"loc":{"start":{"line":32,"column":67},"end":{"line":32,"column":91}},"line":32},"5":{"name":"(anonymous_5)","decl":{"start":{"line":38,"column":29},"end":{"line":38,"column":30}},"loc":{"start":{"line":39,"column":14},"end":{"line":39,"column":94}},"line":39},"6":{"name":"(anonymous_6)","decl":{"start":{"line":47,"column":19},"end":{"line":47,"column":20}},"loc":{"start":{"line":47,"column":25},"end":{"line":61,"column":3}},"line":47},"7":{"name":"(anonymous_7)","decl":{"start":{"line":48,"column":56},"end":{"line":48,"column":57}},"loc":{"start":{"line":48,"column":61},"end":{"line":48,"column":79}},"line":48},"8":{"name":"(anonymous_8)","decl":{"start":{"line":54,"column":23},"end":{"line":54,"column":24}},"loc":{"start":{"line":55,"column":14},"end":{"line":55,"column":94}},"line":55},"9":{"name":"(anonymous_9)","decl":{"start":{"line":64,"column":2},"end":{"line":64,"column":3}},"loc":{"start":{"line":64,"column":11},"end":{"line":92,"column":3}},"line":64}},"branchMap":{},"s":{"0":0,"1":0,"2":0,"3":0,"4":0,"5":0,"6":0,"7":0,"8":0,"9":0,"10":0,"11":0,"12":0},"f":{"0":0,"1":0,"2":0,"3":0,"4":0,"5":0,"6":0,"7":0,"8":0,"9":0},"b":{},"_coverageSchema":"332fd63041d2c1bcb487cc26dd0d5f7d97098a6c","hash":"fce08c71732e5e39637b6114c13198782b8e1eed"}
,"C:\\Users\\Pablo\\Documents\\UdacityProjects\\myReadsReact\\src\\SearchBook.js": {"path":"C:\\Users\\Pablo\\Documents\\UdacityProjects\\myReadsReact\\src\\SearchBook.js","statementMap":{"0":{"start":{"line":23,"column":4},"end":{"line":23,"column":42}},"1":{"start":{"line":24,"column":4},"end":{"line":24,"column":27}},"2":{"start":{"line":28,"column":4},"end":{"line":40,"column":9}},"3":{"start":{"line":32,"column":8},"end":{"line":34,"column":9}},"4":{"start":{"line":33,"column":10},"end":{"line":33,"column":28}},"5":{"start":{"line":35,"column":8},"end":{"line":35,"column":48}},"6":{"start":{"line":38,"column":8},"end":{"line":38,"column":23}},"7":{"start":{"line":39,"column":8},"end":{"line":39,"column":47}},"8":{"start":{"line":46,"column":42},"end":{"line":46,"column":52}},"9":{"start":{"line":47,"column":35},"end":{"line":47,"column":45}},"10":{"start":{"line":51,"column":30},"end":{"line":51,"column":32}},"11":{"start":{"line":53,"column":4},"end":{"line":67,"column":5}},"12":{"start":{"line":54,"column":20},"end":{"line":54,"column":61}},"13":{"start":{"line":55,"column":6},"end":{"line":55,"column":80}},"14":{"start":{"line":55,"column":56},"end":{"line":55,"column":78}},"15":{"start":{"line":58,"column":6},"end":{"line":62,"column":9}},"16":{"start":{"line":59,"column":9},"end":{"line":61,"column":25}},"17":{"start":{"line":60,"column":12},"end":{"line":60,"column":52}},"18":{"start":{"line":65,"column":6},"end":{"line":65,"column":60}},"19":{"start":{"line":66,"column":6},"end":{"line":66,"column":48}},"20":{"start":{"line":69,"column":4},"end":{"line":93,"column":5}},"21":{"start":{"line":78,"column":35},"end":{"line":78,"column":77}},"22":{"start":{"line":87,"column":14},"end":{"line":87,"column":94}}},"fnMap":{"0":{"name":"(anonymous_0)","decl":{"start":{"line":22,"column":22},"end":{"line":22,"column":23}},"loc":{"start":{"line":22,"column":33},"end":{"line":25,"column":3}},"line":22},"1":{"name":"(anonymous_1)","decl":{"start":{"line":27,"column":15},"end":{"line":27,"column":16}},"loc":{"start":{"line":27,"column":26},"end":{"line":41,"column":3}},"line":27},"2":{"name":"(anonymous_2)","decl":{"start":{"line":29,"column":13},"end":{"line":29,"column":14}},"loc":{"start":{"line":29,"column":23},"end":{"line":36,"column":7}},"line":29},"3":{"name":"(anonymous_3)","decl":{"start":{"line":37,"column":14},"end":{"line":37,"column":15}},"loc":{"start":{"line":37,"column":21},"end":{"line":40,"column":7}},"line":37},"4":{"name":"(anonymous_4)","decl":{"start":{"line":44,"column":2},"end":{"line":44,"column":3}},"loc":{"start":{"line":44,"column":11},"end":{"line":94,"column":3}},"line":44},"5":{"name":"(anonymous_5)","decl":{"start":{"line":55,"column":46},"end":{"line":55,"column":47}},"loc":{"start":{"line":55,"column":56},"end":{"line":55,"column":78}},"line":55},"6":{"name":"(anonymous_6)","decl":{"start":{"line":58,"column":44},"end":{"line":58,"column":45}},"loc":{"start":{"line":58,"column":62},"end":{"line":62,"column":7}},"line":58},"7":{"name":"(anonymous_7)","decl":{"start":{"line":59,"column":33},"end":{"line":59,"column":34}},"loc":{"start":{"line":59,"column":56},"end":{"line":61,"column":10}},"line":59},"8":{"name":"(anonymous_8)","decl":{"start":{"line":78,"column":24},"end":{"line":78,"column":25}},"loc":{"start":{"line":78,"column":35},"end":{"line":78,"column":77}},"line":78},"9":{"name":"(anonymous_9)","decl":{"start":{"line":86,"column":38},"end":{"line":86,"column":39}},"loc":{"start":{"line":87,"column":14},"end":{"line":87,"column":94}},"line":87}},"branchMap":{"0":{"loc":{"start":{"line":32,"column":8},"end":{"line":34,"column":9}},"type":"if","locations":[{"start":{"line":32,"column":8},"end":{"line":34,"column":9}},{"start":{"line":32,"column":8},"end":{"line":34,"column":9}}],"line":32},"1":{"loc":{"start":{"line":32,"column":11},"end":{"line":32,"column":52}},"type":"binary-expr","locations":[{"start":{"line":32,"column":11},"end":{"line":32,"column":38}},{"start":{"line":32,"column":42},"end":{"line":32,"column":52}}],"line":32},"2":{"loc":{"start":{"line":53,"column":4},"end":{"line":67,"column":5}},"type":"if","locations":[{"start":{"line":53,"column":4},"end":{"line":67,"column":5}},{"start":{"line":53,"column":4},"end":{"line":67,"column":5}}],"line":53},"3":{"loc":{"start":{"line":53,"column":7},"end":{"line":53,"column":40}},"type":"binary-expr","locations":[{"start":{"line":53,"column":7},"end":{"line":53,"column":18}},{"start":{"line":53,"column":22},"end":{"line":53,"column":40}}],"line":53}},"s":{"0":0,"1":0,"2":0,"3":0,"4":0,"5":0,"6":0,"7":0,"8":0,"9":0,"10":0,"11":0,"12":0,"13":0,"14":0,"15":0,"16":0,"17":0,"18":0,"19":0,"20":0,"21":0,"22":0},"f":{"0":0,"1":0,"2":0,"3":0,"4":0,"5":0,"6":0,"7":0,"8":0,"9":0},"b":{"0":[0,0],"1":[0,0],"2":[0,0],"3":[0,0]},"_coverageSchema":"332fd63041d2c1bcb487cc26dd0d5f7d97098a6c","hash":"ab69a109491b93f697387ee8363d75249f84772c"}
,"C:\\Users\\Pablo\\Documents\\UdacityProjects\\myReadsReact\\src\\index.js": {"path":"C:\\Users\\Pablo\\Documents\\UdacityProjects\\myReadsReact\\src\\index.js","statementMap":{"0":{"start":{"line":1,"column":32},"end":{"line":1,"column":107}},"1":{"start":{"line":1,"column":121},"end":{"line":1,"column":137}},"2":{"start":{"line":1,"column":152},"end":{"line":1,"column":182}},"3":{"start":{"line":2,"column":16},"end":{"line":2,"column":36}},"4":{"start":{"line":2,"column":54},"end":{"line":2,"column":87}},"5":{"start":{"line":3,"column":22},"end":{"line":3,"column":49}},"6":{"start":{"line":4,"column":11},"end":{"line":4,"column":27}},"7":{"start":{"line":4,"column":40},"end":{"line":4,"column":68}},"8":{"start":{"line":5,"column":0},"end":{"line":5,"column":23}},"9":{"start":{"line":6,"column":0},"end":{"line":6,"column":44}},"10":{"start":{"line":6,"column":82},"end":{"line":6,"column":136}},"11":{"start":{"line":8,"column":0},"end":{"line":10,"column":33}}},"fnMap":{"0":{"name":"_interopRequireDefault","decl":{"start":{"line":6,"column":53},"end":{"line":6,"column":75}},"loc":{"start":{"line":6,"column":81},"end":{"line":6,"column":137}},"line":6}},"branchMap":{"0":{"loc":{"start":{"line":6,"column":89},"end":{"line":6,"column":135}},"type":"cond-expr","locations":[{"start":{"line":6,"column":113},"end":{"line":6,"column":116}},{"start":{"line":6,"column":119},"end":{"line":6,"column":135}}],"line":6},"1":{"loc":{"start":{"line":6,"column":89},"end":{"line":6,"column":110}},"type":"binary-expr","locations":[{"start":{"line":6,"column":89},"end":{"line":6,"column":92}},{"start":{"line":6,"column":96},"end":{"line":6,"column":110}}],"line":6}},"s":{"0":0,"1":0,"2":0,"3":0,"4":0,"5":0,"6":0,"7":0,"8":0,"9":0,"10":0,"11":0},"f":{"0":0},"b":{"0":[0,0],"1":[0,0]}}
,"C:\\Users\\Pablo\\Documents\\UdacityProjects\\myReadsReact\\src\\setupTests.js": {"path":"C:\\Users\\Pablo\\Documents\\UdacityProjects\\myReadsReact\\src\\setupTests.js","statementMap":{"0":{"start":{"line":1,"column":0},"end":{"line":1,"column":34}},"1":{"start":{"line":2,"column":0},"end":{"line":2,"column":42}},"2":{"start":{"line":7,"column":0},"end":{"line":7,"column":38}}},"fnMap":{},"branchMap":{},"s":{"0":2,"1":2,"2":2},"f":{},"b":{},"_coverageSchema":"332fd63041d2c1bcb487cc26dd0d5f7d97098a6c","hash":"0d0a38902ec828a21357d99281430a47bda47e1b"}
,"C:\\Users\\Pablo\\Documents\\UdacityProjects\\myReadsReact\\src\\semanticUI\\Menu.js": {"path":"C:\\Users\\Pablo\\Documents\\UdacityProjects\\myReadsReact\\src\\semanticUI\\Menu.js","statementMap":{"0":{"start":{"line":14,"column":4},"end":{"line":34,"column":5}}},"fnMap":{"0":{"name":"(anonymous_0)","decl":{"start":{"line":11,"column":2},"end":{"line":11,"column":3}},"loc":{"start":{"line":11,"column":11},"end":{"line":35,"column":3}},"line":11}},"branchMap":{},"s":{"0":0},"f":{"0":0},"b":{},"_coverageSchema":"332fd63041d2c1bcb487cc26dd0d5f7d97098a6c","hash":"d1e5a00ac3e7beb5ff0a470c3a3b058773cae384"}
}
