TN:
SF:C:\Users\Pablo\Documents\UdacityProjects\myReadsReact\src\App.js
FN:16,(anonymous_0)
FN:22,(anonymous_1)
FN:23,(anonymous_2)
FN:29,(anonymous_3)
FN:36,(anonymous_4)
FN:43,(anonymous_5)
FNF:6
FNH:4
FNDA:4,(anonymous_0)
FNDA:4,(anonymous_1)
FNDA:0,(anonymous_2)
FNDA:4,(anonymous_3)
FNDA:0,(anonymous_4)
FNDA:1,(anonymous_5)
DA:17,4
DA:23,4
DA:24,0
DA:31,4
DA:37,0
DA:44,1
LF:6
LH:4
BRF:0
BRH:0
end_of_record
TN:
SF:C:\Users\Pablo\Documents\UdacityProjects\myReadsReact\src\Book.js
FN:18,(anonymous_0)
FN:19,(anonymous_1)
FN:25,(anonymous_2)
FN:56,(anonymous_3)
FN:77,(anonymous_4)
FNF:5
FNH:2
FNDA:0,(anonymous_0)
FNDA:0,(anonymous_1)
FNDA:10,(anonymous_2)
FNDA:0,(anonymous_3)
FNDA:10,(anonymous_4)
DA:19,0
DA:20,0
DA:21,0
DA:26,10
DA:27,10
DA:28,10
DA:29,10
DA:30,10
DA:37,10
DA:56,0
DA:79,10
LF:11
LH:7
BRDA:14,0,0,10
BRDA:14,0,1,0
BRDA:27,1,0,10
BRDA:27,1,1,0
BRDA:28,2,0,4
BRDA:28,2,1,6
BRDA:29,3,0,10
BRDA:29,3,1,0
BRF:8
BRH:5
end_of_record
TN:
SF:C:\Users\Pablo\Documents\UdacityProjects\myReadsReact\src\BooksAPI.js
FN:15,(anonymous_0)
FN:17,(anonymous_1)
FN:18,(anonymous_2)
FN:20,(anonymous_3)
FN:22,(anonymous_4)
FN:23,(anonymous_5)
FN:25,(anonymous_6)
FN:33,(anonymous_7)
FN:35,(anonymous_8)
FN:43,(anonymous_9)
FN:44,(anonymous_10)
FNF:11
FNH:4
FNDA:0,(anonymous_0)
FNDA:0,(anonymous_1)
FNDA:0,(anonymous_2)
FNDA:4,(anonymous_3)
FNDA:4,(anonymous_4)
FNDA:0,(anonymous_5)
FNDA:0,(anonymous_6)
FNDA:0,(anonymous_7)
FNDA:1,(anonymous_8)
FNDA:1,(anonymous_9)
FNDA:0,(anonymous_10)
DA:2,4
DA:6,4
DA:7,4
DA:8,4
DA:10,4
DA:15,4
DA:16,0
DA:17,0
DA:18,0
DA:20,4
DA:21,4
DA:22,4
DA:23,0
DA:25,4
DA:26,0
DA:33,0
DA:35,4
DA:36,1
DA:43,1
DA:44,0
LF:20
LH:13
BRDA:7,0,0,4
BRDA:7,0,1,0
BRF:2
BRH:1
end_of_record
TN:
SF:C:\Users\Pablo\Documents\UdacityProjects\myReadsReact\src\Bookshelves.js
FN:15,(anonymous_0)
FN:16,(anonymous_1)
FN:22,(anonymous_2)
FN:31,(anonymous_3)
FN:32,(anonymous_4)
FN:38,(anonymous_5)
FN:47,(anonymous_6)
FN:48,(anonymous_7)
FN:54,(anonymous_8)
FN:64,(anonymous_9)
FNF:10
FNH:10
FNDA:5,(anonymous_0)
FNDA:12,(anonymous_1)
FNDA:4,(anonymous_2)
FNDA:5,(anonymous_3)
FNDA:12,(anonymous_4)
FNDA:4,(anonymous_5)
FNDA:5,(anonymous_6)
FNDA:12,(anonymous_7)
FNDA:4,(anonymous_8)
FNDA:5,(anonymous_9)
DA:16,12
DA:17,5
DA:23,4
DA:32,12
DA:33,5
DA:39,4
DA:48,12
DA:49,5
DA:55,4
DA:67,5
LF:10
LH:10
BRF:0
BRH:0
end_of_record
TN:
SF:C:\Users\Pablo\Documents\UdacityProjects\myReadsReact\src\SearchBook.js
FN:22,(anonymous_0)
FN:27,(anonymous_1)
FN:29,(anonymous_2)
FN:37,(anonymous_3)
FN:44,(anonymous_4)
FN:55,(anonymous_5)
FN:58,(anonymous_6)
FN:59,(anonymous_7)
FN:78,(anonymous_8)
FN:86,(anonymous_9)
FNF:10
FNH:5
FNDA:1,(anonymous_0)
FNDA:1,(anonymous_1)
FNDA:0,(anonymous_2)
FNDA:0,(anonymous_3)
FNDA:6,(anonymous_4)
FNDA:3,(anonymous_5)
FNDA:0,(anonymous_6)
FNDA:0,(anonymous_7)
FNDA:0,(anonymous_8)
FNDA:1,(anonymous_9)
DA:23,1
DA:24,1
DA:28,1
DA:32,0
DA:33,0
DA:35,0
DA:38,0
DA:39,0
DA:46,6
DA:47,6
DA:51,6
DA:53,6
DA:54,1
DA:55,3
DA:58,1
DA:59,0
DA:60,0
DA:65,1
DA:66,1
DA:69,6
DA:78,0
DA:87,1
LF:22
LH:14
BRDA:32,0,0,0
BRDA:32,0,1,0
BRDA:32,1,0,0
BRDA:32,1,1,0
BRDA:53,2,0,1
BRDA:53,2,1,5
BRDA:53,3,0,6
BRDA:53,3,1,1
BRF:8
BRH:4
end_of_record
TN:
SF:C:\Users\Pablo\Documents\UdacityProjects\myReadsReact\src\index.js
FN:6,_interopRequireDefault
FNF:1
FNH:0
FNDA:0,_interopRequireDefault
DA:1,0
DA:2,0
DA:3,0
DA:4,0
DA:5,0
DA:6,0
DA:8,0
LF:7
LH:0
BRDA:6,0,0,0
BRDA:6,0,1,0
BRDA:6,1,0,0
BRDA:6,1,1,0
BRF:4
BRH:0
end_of_record
TN:
SF:C:\Users\Pablo\Documents\UdacityProjects\myReadsReact\src\setupTests.js
FNF:0
FNH:0
DA:1,4
DA:2,4
DA:7,4
LF:3
LH:3
BRF:0
BRH:0
end_of_record
TN:
SF:C:\Users\Pablo\Documents\UdacityProjects\myReadsReact\src\semanticUI\Menu.js
FN:11,(anonymous_0)
FNF:1
FNH:1
FNDA:1,(anonymous_0)
DA:14,1
LF:1
LH:1
BRF:0
BRH:0
end_of_record
TN:
SF:C:\Users\Pablo\Documents\UdacityProjects\myReadsReact\src\testData\testData.js
FNF:0
FNH:0
DA:3,4
LF:1
LH:1
BRF:0
BRH:0
end_of_record
