TN:
SF:C:\Users\Pablo\Documents\UdacityProjects\myReadsReact\src\App.js
FN:16,(anonymous_0)
FN:22,(anonymous_1)
FN:23,(anonymous_2)
FN:29,(anonymous_3)
FN:37,(anonymous_4)
FN:44,(anonymous_5)
FNF:6
FNH:0
FNDA:0,(anonymous_0)
FNDA:0,(anonymous_1)
FNDA:0,(anonymous_2)
FNDA:0,(anonymous_3)
FNDA:0,(anonymous_4)
FNDA:0,(anonymous_5)
DA:17,0
DA:23,0
DA:24,0
DA:30,0
DA:32,0
DA:38,0
DA:45,0
LF:7
LH:0
BRF:0
BRH:0
end_of_record
TN:
SF:C:\Users\Pablo\Documents\UdacityProjects\myReadsReact\src\Book.js
FN:18,(anonymous_0)
FN:19,(anonymous_1)
FN:25,(anonymous_2)
FN:56,(anonymous_3)
FN:77,(anonymous_4)
FNF:5
FNH:2
FNDA:0,(anonymous_0)
FNDA:0,(anonymous_1)
FNDA:7,(anonymous_2)
FNDA:0,(anonymous_3)
FNDA:7,(anonymous_4)
DA:19,0
DA:20,0
DA:21,0
DA:26,7
DA:27,7
DA:28,7
DA:29,7
DA:30,7
DA:37,7
DA:56,0
DA:79,7
LF:11
LH:7
BRDA:14,0,0,7
BRDA:14,0,1,0
BRDA:27,1,0,7
BRDA:27,1,1,0
BRDA:28,2,0,3
BRDA:28,2,1,4
BRDA:29,3,0,7
BRDA:29,3,1,0
BRF:8
BRH:5
end_of_record
TN:
SF:C:\Users\Pablo\Documents\UdacityProjects\myReadsReact\src\BooksAPI.js
FN:15,(anonymous_0)
FN:17,(anonymous_1)
FN:18,(anonymous_2)
FN:20,(anonymous_3)
FN:22,(anonymous_4)
FN:23,(anonymous_5)
FN:25,(anonymous_6)
FN:33,(anonymous_7)
FN:35,(anonymous_8)
FN:43,(anonymous_9)
FN:44,(anonymous_10)
FNF:11
FNH:0
FNDA:0,(anonymous_0)
FNDA:0,(anonymous_1)
FNDA:0,(anonymous_2)
FNDA:0,(anonymous_3)
FNDA:0,(anonymous_4)
FNDA:0,(anonymous_5)
FNDA:0,(anonymous_6)
FNDA:0,(anonymous_7)
FNDA:0,(anonymous_8)
FNDA:0,(anonymous_9)
FNDA:0,(anonymous_10)
DA:2,2
DA:6,2
DA:7,2
DA:8,2
DA:10,2
DA:15,2
DA:16,0
DA:17,0
DA:18,0
DA:20,2
DA:21,0
DA:22,0
DA:23,0
DA:25,2
DA:26,0
DA:33,0
DA:35,2
DA:36,0
DA:43,0
DA:44,0
LF:20
LH:9
BRDA:7,0,0,2
BRDA:7,0,1,0
BRF:2
BRH:1
end_of_record
TN:
SF:C:\Users\Pablo\Documents\UdacityProjects\myReadsReact\src\Bookshelves.js
FN:15,(anonymous_0)
FN:16,(anonymous_1)
FN:22,(anonymous_2)
FN:31,(anonymous_3)
FN:32,(anonymous_4)
FN:38,(anonymous_5)
FN:47,(anonymous_6)
FN:48,(anonymous_7)
FN:54,(anonymous_8)
FN:64,(anonymous_9)
FNF:10
FNH:0
FNDA:0,(anonymous_0)
FNDA:0,(anonymous_1)
FNDA:0,(anonymous_2)
FNDA:0,(anonymous_3)
FNDA:0,(anonymous_4)
FNDA:0,(anonymous_5)
FNDA:0,(anonymous_6)
FNDA:0,(anonymous_7)
FNDA:0,(anonymous_8)
FNDA:0,(anonymous_9)
DA:16,0
DA:17,0
DA:23,0
DA:32,0
DA:33,0
DA:39,0
DA:48,0
DA:49,0
DA:55,0
DA:67,0
LF:10
LH:0
BRF:0
BRH:0
end_of_record
TN:
SF:C:\Users\Pablo\Documents\UdacityProjects\myReadsReact\src\SearchBook.js
FN:22,(anonymous_0)
FN:27,(anonymous_1)
FN:29,(anonymous_2)
FN:37,(anonymous_3)
FN:44,(anonymous_4)
FN:55,(anonymous_5)
FN:58,(anonymous_6)
FN:59,(anonymous_7)
FN:78,(anonymous_8)
FN:86,(anonymous_9)
FNF:10
FNH:0
FNDA:0,(anonymous_0)
FNDA:0,(anonymous_1)
FNDA:0,(anonymous_2)
FNDA:0,(anonymous_3)
FNDA:0,(anonymous_4)
FNDA:0,(anonymous_5)
FNDA:0,(anonymous_6)
FNDA:0,(anonymous_7)
FNDA:0,(anonymous_8)
FNDA:0,(anonymous_9)
DA:23,0
DA:24,0
DA:28,0
DA:32,0
DA:33,0
DA:35,0
DA:38,0
DA:39,0
DA:46,0
DA:47,0
DA:51,0
DA:53,0
DA:54,0
DA:55,0
DA:58,0
DA:59,0
DA:60,0
DA:65,0
DA:66,0
DA:69,0
DA:78,0
DA:87,0
LF:22
LH:0
BRDA:32,0,0,0
BRDA:32,0,1,0
BRDA:32,1,0,0
BRDA:32,1,1,0
BRDA:53,2,0,0
BRDA:53,2,1,0
BRDA:53,3,0,0
BRDA:53,3,1,0
BRF:8
BRH:0
end_of_record
TN:
SF:C:\Users\Pablo\Documents\UdacityProjects\myReadsReact\src\index.js
FN:6,_interopRequireDefault
FNF:1
FNH:0
FNDA:0,_interopRequireDefault
DA:1,0
DA:2,0
DA:3,0
DA:4,0
DA:5,0
DA:6,0
DA:8,0
LF:7
LH:0
BRDA:6,0,0,0
BRDA:6,0,1,0
BRDA:6,1,0,0
BRDA:6,1,1,0
BRF:4
BRH:0
end_of_record
TN:
SF:C:\Users\Pablo\Documents\UdacityProjects\myReadsReact\src\setupTests.js
FNF:0
FNH:0
DA:1,2
DA:5,2
LF:2
LH:2
BRF:0
BRH:0
end_of_record
TN:
SF:C:\Users\Pablo\Documents\UdacityProjects\myReadsReact\src\semanticUI\Menu.js
FN:11,(anonymous_0)
FNF:1
FNH:0
FNDA:0,(anonymous_0)
DA:14,0
LF:1
LH:0
BRF:0
BRH:0
end_of_record
